NCBIGENE:1	A1BG
NCBIGENE:100	ADA
NCBIGENE:10004	NAALADL1
NCBIGENE:100049587	SIGLEC14
NCBIGENE:10011	SRA1
NCBIGENE:100126297	MIR300
NCBIGENE:100131303	DPEP2NB
NCBIGENE:100131814	LINC00271
NCBIGENE:100132396	ZNF705B
NCBIGENE:100169760	RNA5S9
NCBIGENE:10025	MED16
NCBIGENE:100287178	USP17L11
NCBIGENE:100287513	USP17L22
NCBIGENE:100288142	NBPF20
NCBIGENE:100289087	TSPY10
NCBIGENE:100293516	ZNF587B
NCBIGENE:100302142	MIR1246
NCBIGENE:100526783	ARPIN-AP3S2
NCBIGENE:10054	UBA2
NCBIGENE:10061	ABCF2
NCBIGENE:100616340	MIR4758
NCBIGENE:100616452	MIR2682
NCBIGENE:10066	SCAMP2
NCBIGENE:100775105	ERVK-18
NCBIGENE:100847052	MIR664B
NCBIGENE:100996648	TCP11X2
NCBIGENE:10100	TSPAN2
NCBIGENE:10107	TRIM10
NCBIGENE:10120	ACTR1B
NCBIGENE:10129	FRY
NCBIGENE:10130	PDIA6
NCBIGENE:10134	BCAP31
NCBIGENE:10138	YAF2
NCBIGENE:10156	RASA4
NCBIGENE:10159	ATP6AP2
NCBIGENE:10208	USPL1
NCBIGENE:10215	OLIG2
NCBIGENE:10229	COQ7
NCBIGENE:10248	POP7
NCBIGENE:10255	HCG9
NCBIGENE:10261	IGSF6
NCBIGENE:102723631	CT45A10
NCBIGENE:102724127	TP53TG3F
NCBIGENE:102724652	CRYAA2
NCBIGENE:102725138	LOC102725138
NCBIGENE:10276	NET1
NCBIGENE:10293	TRAIP
NCBIGENE:10297	APC2
NCBIGENE:10302	SNAPC5
NCBIGENE:10319	LAMC3
NCBIGENE:10324	KLHL41
NCBIGENE:10327	AKR1A1
NCBIGENE:10370	CITED2
NCBIGENE:10393	ANAPC10
NCBIGENE:10403	NDC80
NCBIGENE:10444	ZER1
NCBIGENE:10449	ACAA2
NCBIGENE:10473	HMGN4
NCBIGENE:10492	SYNCRIP
NCBIGENE:10498	CARM1
NCBIGENE:10517	FBXW10
NCBIGENE:10522	DEAF1
NCBIGENE:105375355	UPK3B
NCBIGENE:10539	GLRX3
NCBIGENE:10562	OLFM4
NCBIGENE:10566	AKAP3
NCBIGENE:10569	SLU7
NCBIGENE:10574	CCT7
NCBIGENE:10580	SORBS1
NCBIGENE:10622	POLR3G
NCBIGENE:10623	POLR3C
NCBIGENE:10630	PDPN
NCBIGENE:10643	IGF2BP3
NCBIGENE:10654	PMVK
NCBIGENE:10655	DMRT2
NCBIGENE:10658	CELF1
NCBIGENE:10663	CXCR6
NCBIGENE:10741	RBBP9
NCBIGENE:10744	PTTG2
NCBIGENE:10752	CHL1
NCBIGENE:10771	ZMYND11
NCBIGENE:10776	ARPP19
NCBIGENE:10781	ZNF266
NCBIGENE:107987373	LOC107987373
NCBIGENE:10800	CYSLTR1
NCBIGENE:10801	SEPTIN9
NCBIGENE:10818	FRS2
NCBIGENE:10845	CLPX
NCBIGENE:10856	RUVBL2
NCBIGENE:10890	RAB10
NCBIGENE:10891	PPARGC1A
NCBIGENE:10897	YIF1A
NCBIGENE:10916	MAGED2
NCBIGENE:10917	BTNL3
NCBIGENE:10922	FASTK
NCBIGENE:10942	PRSS21
NCBIGENE:10949	HNRNPA0
NCBIGENE:10950	BTG3
NCBIGENE:10953	TOMM34
NCBIGENE:11021	RAB35
NCBIGENE:11027	LILRA2
NCBIGENE:11033	ADAP1
NCBIGENE:11034	DSTN
NCBIGENE:11037	STON1
NCBIGENE:11040	PIM2
NCBIGENE:11046	SLC35D2
NCBIGENE:11057	ABHD2
NCBIGENE:11061	CNMD
NCBIGENE:11064	CNTRL
NCBIGENE:11067	DEPP1
NCBIGENE:11072	DUSP14
NCBIGENE:11075	STMN2
NCBIGENE:11076	TPPP
NCBIGENE:11082	ESM1
NCBIGENE:11103	KRR1
NCBIGENE:11119	BTN3A1
NCBIGENE:11131	CAPN11
NCBIGENE:11136	SLC7A9
NCBIGENE:11211	FZD10
NCBIGENE:11234	HPS5
NCBIGENE:11237	RNF24
NCBIGENE:112487	DTD2
NCBIGENE:11250	GPR45
NCBIGENE:11251	PTGDR2
NCBIGENE:11267	SNF8
NCBIGENE:11279	KLF8
NCBIGENE:113	ADCY7
NCBIGENE:11315	PARK7
NCBIGENE:11319	ECD
NCBIGENE:113451	AZIN2
NCBIGENE:113655	MFSD3
NCBIGENE:113835	ZNF257
NCBIGENE:116236	ABHD15
NCBIGENE:116328	C8orf34
NCBIGENE:116449	CLNK
NCBIGENE:118	ADD1
NCBIGENE:118663	BTBD16
NCBIGENE:119587	CPXM2
NCBIGENE:119692	OR51S1
NCBIGENE:120237	DBX1
NCBIGENE:123879	DCUN1D3
NCBIGENE:124245	ZC3H18
NCBIGENE:125704	DIPK1C
NCBIGENE:130	ADH6
NCBIGENE:136	ADORA2B
NCBIGENE:146	ADRA1D
NCBIGENE:150	ADRA2A
NCBIGENE:152503	SH3D19
NCBIGENE:153129	SLC38A9
NCBIGENE:153396	TMEM161B
NCBIGENE:153562	MARVELD2
NCBIGENE:154043	CNKSR3
NCBIGENE:158135	TTLL11
NCBIGENE:159963	SLC5A12
NCBIGENE:161198	CLEC14A
NCBIGENE:161394	SAMD15
NCBIGENE:162517	FBXO39
NCBIGENE:162681	C18orf54
NCBIGENE:166348	KBTBD12
NCBIGENE:1666	DECR1
NCBIGENE:166647	ADGRA3
NCBIGENE:167	CRISP1
NCBIGENE:167153	TENT2
NCBIGENE:167838	TXLNB
NCBIGENE:168400	DDX53
NCBIGENE:168455	CCDC71L
NCBIGENE:169270	ZNF596
NCBIGENE:169841	ZNF169
NCBIGENE:170062	FAM47B
NCBIGENE:171389	NLRP6
NCBIGENE:171568	POLR3H
NCBIGENE:176	ACAN
NCBIGENE:199	AIF1
NCBIGENE:199704	ZNF585A
NCBIGENE:199834	LCE4A
NCBIGENE:2	A2M
NCBIGENE:200010	SLC5A9
NCBIGENE:200172	SLFNL1
NCBIGENE:2002	ELK1
NCBIGENE:201163	FLCN
NCBIGENE:201514	ZNF584
NCBIGENE:202	CRYBG1
NCBIGENE:202018	TAPT1
NCBIGENE:202151	RANBP3L
NCBIGENE:202500	TCTE1
NCBIGENE:202915	TMEM184A
NCBIGENE:213	ALB
NCBIGENE:216	ALDH1A1
NCBIGENE:220047	CCDC83
NCBIGENE:220388	CCDC89
NCBIGENE:221154	MICU2
NCBIGENE:221692	PHACTR1
NCBIGENE:22796	COG2
NCBIGENE:22806	IKZF3
NCBIGENE:22823	MTF2
NCBIGENE:22869	ZNF510
NCBIGENE:22876	INPP5F
NCBIGENE:22880	MORC2
NCBIGENE:22889	KHDC4
NCBIGENE:22901	ARSG
NCBIGENE:22931	RAB18
NCBIGENE:22934	RPIA
NCBIGENE:22938	SNW1
NCBIGENE:23015	GOLGA8A
NCBIGENE:23019	CNOT1
NCBIGENE:23031	MAST3
NCBIGENE:23042	PDXDC1
NCBIGENE:23086	EXPH5
NCBIGENE:23094	SIPA1L3
NCBIGENE:23097	CDK19
NCBIGENE:23102	TBC1D2B
NCBIGENE:23108	RAP1GAP2
NCBIGENE:23112	TNRC6B
NCBIGENE:23116	TOGARAM1
NCBIGENE:23141	ANKLE2
NCBIGENE:23154	NCDN
NCBIGENE:23189	KANK1
NCBIGENE:23218	NBEAL2
NCBIGENE:23310	NCAPD3
NCBIGENE:23332	CLASP1
NCBIGENE:23382	AHCYL2
NCBIGENE:23390	ZDHHC17
NCBIGENE:23399	CTDNEP1
NCBIGENE:23415	KCNH4
NCBIGENE:23420	NOMO1
NCBIGENE:23435	TARDBP
NCBIGENE:23446	SLC44A1
NCBIGENE:23461	ABCA5
NCBIGENE:23478	SEC11A
NCBIGENE:23503	ZFYVE26
NCBIGENE:23515	MORC3
NCBIGENE:23516	SLC39A14
NCBIGENE:23519	ANP32D
NCBIGENE:23527	ACAP2
NCBIGENE:23531	MMD
NCBIGENE:23534	TNPO3
NCBIGENE:23544	SEZ6L
NCBIGENE:23548	TTC33
NCBIGENE:23559	WBP1
NCBIGENE:23568	ARL2BP
NCBIGENE:23623	RUSC1
NCBIGENE:23643	LY96
NCBIGENE:23646	PLD3
NCBIGENE:23649	POLA2
NCBIGENE:23676	SMPX
NCBIGENE:23682	RAB38
NCBIGENE:23741	EID1
NCBIGENE:23753	SDF2L1
NCBIGENE:23768	FLRT2
NCBIGENE:24137	KIF4A
NCBIGENE:24148	PRPF6
NCBIGENE:245932	DEFB119
NCBIGENE:248	ALPI
NCBIGENE:252839	TMEM9
NCBIGENE:252995	FNDC5
NCBIGENE:253190	SERHL2
NCBIGENE:253769	WDR27
NCBIGENE:255220	TXNDC8
NCBIGENE:255275	MYADML2
NCBIGENE:255738	PCSK9
NCBIGENE:255783	INAFM1
NCBIGENE:255967	PAN3
NCBIGENE:25791	NGEF
NCBIGENE:25799	ZNF324
NCBIGENE:25900	IFFO1
NCBIGENE:259215	LY6G6F
NCBIGENE:259289	TAS2R43
NCBIGENE:25929	GEMIN5
NCBIGENE:259293	TAS2R30
NCBIGENE:25956	SEC31B
NCBIGENE:26005	C2CD3
NCBIGENE:26010	SPATS2L
NCBIGENE:26019	UPF2
NCBIGENE:26027	ACOT11
NCBIGENE:26036	ZNF451
NCBIGENE:26045	LRRTM2
NCBIGENE:26046	LTN1
NCBIGENE:26230	TIAM2
NCBIGENE:26248	OR2K2
NCBIGENE:26253	CLEC4E
NCBIGENE:26258	BLOC1S6
NCBIGENE:26280	IL1RAPL2
NCBIGENE:26330	GAPDHS
NCBIGENE:26333	OR7A17
NCBIGENE:271	AMPD2
NCBIGENE:277	AMY1B
NCBIGENE:278	AMY1C
NCBIGENE:280636	SELENOH
NCBIGENE:282770	OR10AG1
NCBIGENE:282890	ZNF311
NCBIGENE:283208	P4HA3
NCBIGENE:283365	OR6C6
NCBIGENE:283869	NPW
NCBIGENE:284098	PIGW
NCBIGENE:284111	SLC13A5
NCBIGENE:284361	EMC10
NCBIGENE:284459	ZNF875
NCBIGENE:284486	THEM5
NCBIGENE:284541	CYP4A22
NCBIGENE:284612	SYPL2
NCBIGENE:285368	PRRT3
NCBIGENE:285429	DCAF4L1
NCBIGENE:285613	RELL2
NCBIGENE:286	ANK1
NCBIGENE:286319	TUSC1
NCBIGENE:286380	FOXD4L3
NCBIGENE:286527	TMSB15B
NCBIGENE:288	ANK3
NCBIGENE:30	ACAA1
NCBIGENE:302	ANXA2
NCBIGENE:317761	C14orf39
NCBIGENE:318	NUDT2
NCBIGENE:321	APBA2
NCBIGENE:329	BIRC2
NCBIGENE:33	ACADL
NCBIGENE:337963	KRTAP23-1
NCBIGENE:337974	KRTAP19-7
NCBIGENE:339291	LRRC30
NCBIGENE:339327	ZNF546
NCBIGENE:340390	WDR97
NCBIGENE:341418	OR6C4
NCBIGENE:342977	NANOS3
NCBIGENE:344805	TMPRSS7
NCBIGENE:346	APOC4
NCBIGENE:346528	OR2A1
NCBIGENE:347168	OR1J1
NCBIGENE:351	APP
NCBIGENE:353140	LCE2C
NCBIGENE:353143	LCE3B
NCBIGENE:355	FAS
NCBIGENE:358	AQP1
NCBIGENE:374	AREG
NCBIGENE:374877	TEX45
NCBIGENE:374897	SBSN
NCBIGENE:375298	CERKL
NCBIGENE:377841	ENTPD8
NCBIGENE:38	ACAT1
NCBIGENE:381	ARF5
NCBIGENE:384	ARG2
NCBIGENE:386618	KCTD4
NCBIGENE:386684	KRTAP12-4
NCBIGENE:387496	RASL11A
NCBIGENE:388419	BTBD17
NCBIGENE:388512	CLEC17A
NCBIGENE:388555	IGFL3
NCBIGENE:389	RHOC
NCBIGENE:389152	PRR23C
NCBIGENE:389333	PROB1
NCBIGENE:389432	SAMD5
NCBIGENE:389677	RBM12B
NCBIGENE:390148	OR5W2
NCBIGENE:390259	BSX
NCBIGENE:390265	OR10G7
NCBIGENE:390441	OR11H7
NCBIGENE:390648	OR4F6
NCBIGENE:391	RHOG
NCBIGENE:391002	r":"API rate limit exceeded
NCBIGENE:393046	OR2A5
NCBIGENE:399512	SLC25A35
NCBIGENE:400073	C12orf76
NCBIGENE:400765	MIR137HG
NCBIGENE:400935	IL17REL
NCBIGENE:401	PHOX2A
NCBIGENE:401666	OR51A4
NCBIGENE:402117	r":"API rate limit exceeded
NCBIGENE:406912	MIR125B2
NCBIGENE:406927	MIR136
NCBIGENE:406938	MIR146A
NCBIGENE:406980	MIR19B1
NCBIGENE:406999	MIR217
NCBIGENE:407003	MIR219A2
NCBIGENE:407013	MIR24-2
NCBIGENE:407019	MIR27B
NCBIGENE:407042	MIR34C
NCBIGENE:407050	MIR93
NCBIGENE:408029	CDRT15P3
NCBIGENE:414301	DDI1
NCBIGENE:432	ASGR1
NCBIGENE:440699	LRRC52
NCBIGENE:440822	PIWIL3
NCBIGENE:441024	MTHFD2L
NCBIGENE:441272	r":"API rate limit exceeded
NCBIGENE:442185	OR2J1
NCBIGENE:442197	OR2I1P
NCBIGENE:442890	MIR133B
NCBIGENE:443	ASPA
NCBIGENE:444	r":"API rate limit exceeded
NCBIGENE:47	ACLY
NCBIGENE:473	RERE
NCBIGENE:493818	MYMY3
NCBIGENE:496	ATP4B
NCBIGENE:514	r":"API rate limit exceeded
NCBIGENE:522	ATP5PF
NCBIGENE:529	ATP6V1E1
NCBIGENE:53	ACP2
NCBIGENE:554	AVPR2
NCBIGENE:55695	NSUN5
NCBIGENE:55763	EXOC1
NCBIGENE:55785	FGD6
NCBIGENE:55800	SCN3B
NCBIGENE:55884	WSB2
NCBIGENE:55902	ACSS2
NCBIGENE:55915	LANCL2
NCBIGENE:55922	NKRF
NCBIGENE:55937	APOM
NCBIGENE:55973	BCAP29
NCBIGENE:55998	NXF5
NCBIGENE:56052	ALG1
NCBIGENE:56114	r":"API rate limit exceeded
NCBIGENE:56128	PCDHB8
NCBIGENE:56180	MOSPD1
NCBIGENE:56242	ZNF253
NCBIGENE:56261	GPCPD1
NCBIGENE:563	AZGP1
NCBIGENE:56311	ANKRD7
NCBIGENE:56616	DIABLO
NCBIGENE:56832	IFNK
NCBIGENE:56882	r":"API rate limit exceeded
NCBIGENE:56897	WRNIP1
NCBIGENE:56901	NDUFA4L2
NCBIGENE:56905	C15orf39
NCBIGENE:56911	MAP3K7CL
NCBIGENE:56915	r":"API rate limit exceeded
NCBIGENE:56919	DHX33
NCBIGENE:56929	FEM1C
NCBIGENE:56936	CCDC177
NCBIGENE:56986	r":"API rate limit exceeded
NCBIGENE:56997	COQ8A
NCBIGENE:57017	COQ9
NCBIGENE:57045	TWSG1
NCBIGENE:57099	AVEN
NCBIGENE:57126	r":"API rate limit exceeded
NCBIGENE:57130	ATP13A1
NCBIGENE:57179	KIAA1191
NCBIGENE:57402	S100A14
NCBIGENE:574408	r":"API rate limit exceeded
NCBIGENE:574414	PRR9
NCBIGENE:574450	MIR493
NCBIGENE:574467	MIR520A
NCBIGENE:57534	MIB1
NCBIGENE:57569	ARHGAP20
NCBIGENE:57573	ZNF471
NCBIGENE:57583	TMEM181
NCBIGENE:57614	RELCH
NCBIGENE:57636	ARHGAP23
NCBIGENE:57644	r":"API rate limit exceeded
NCBIGENE:57700	FAM160B1
NCBIGENE:57706	DENND1A
NCBIGENE:57716	PRX
NCBIGENE:57821	CCDC181
NCBIGENE:57834	CYP4F11
NCBIGENE:58191	CXCL16
NCBIGENE:58489	ABHD17C
NCBIGENE:58503	OPRPN
NCBIGENE:587	r":"API rate limit exceeded
NCBIGENE:619552	MIR483
NCBIGENE:619556	MIR455
NCBIGENE:622	BDH1
NCBIGENE:629	r":"API rate limit exceeded
NCBIGENE:632	BGLAP
NCBIGENE:64110	MAGEF1
NCBIGENE:64122	FN3K
NCBIGENE:64324	NSD1
NCBIGENE:645191	LINGO3
NCBIGENE:64663	SPANXC
NCBIGENE:64718	UNKL
NCBIGENE:64754	SMYD3
NCBIGENE:64983	MRPL32
NCBIGENE:653275	CFC1B
NCBIGENE:654346	LGALS9C
NCBIGENE:655	BMP7
NCBIGENE:65975	STK33
NCBIGENE:65982	ZSCAN18
NCBIGENE:66037	BOLL
NCBIGENE:663	BNIP2
NCBIGENE:668	FOXL2
NCBIGENE:673	BRAF
NCBIGENE:680	BRS3
NCBIGENE:7201	r":"API rate limit exceeded
NCBIGENE:7251	TSG101
NCBIGENE:7267	TTC3
NCBIGENE:727940	RHOXF2B
NCBIGENE:728379	USP17L26
NCBIGENE:7284	TUFM
NCBIGENE:728498	GOLGA8H
NCBIGENE:728591	CCDC169
NCBIGENE:729230	CCR2
NCBIGENE:729330	r":"API rate limit exceeded
NCBIGENE:729408	GAGE2D
NCBIGENE:729582	DIRC3
NCBIGENE:729944	ZNF75CP
NCBIGENE:729993	SHISA9
NCBIGENE:7325	UBE2E2
NCBIGENE:7329	UBE2I
NCBIGENE:7350	UCP1
NCBIGENE:7361	UGT1A
NCBIGENE:7363	UGT2B4
NCBIGENE:7368	UGT8
NCBIGENE:7369	UMOD
NCBIGENE:7381	UQCRB
NCBIGENE:7405	UVRAG
NCBIGENE:7415	VCP
NCBIGENE:7422	VEGFA
NCBIGENE:7424	r":"API rate limit exceeded
NCBIGENE:7430	EZR
NCBIGENE:7439	BEST1
NCBIGENE:7443	VRK1
NCBIGENE:7448	VTN
NCBIGENE:7455	ZAN
NCBIGENE:7464	CORO2A
NCBIGENE:7478	WNT8A
NCBIGENE:7511	XPNPEP1
NCBIGENE:7529	YWHAB
NCBIGENE:7543	ZFX
NCBIGENE:7576	ZNF28
NCBIGENE:7626	ZNF75D
NCBIGENE:7629	ZNF76
NCBIGENE:768222	r":"API rate limit exceeded
NCBIGENE:7709	ZBTB17
NCBIGENE:7727	ZNF174
NCBIGENE:7733	ZNF180
NCBIGENE:7745	r":"API rate limit exceeded
NCBIGENE:7757	r":"API rate limit exceeded
NCBIGENE:7762	ZNF215
NCBIGENE:7768	ZNF225
NCBIGENE:7773	ZNF230
NCBIGENE:7789	ZXDA
NCBIGENE:7805	LAPTM5
NCBIGENE:7827	NPHS2
NCBIGENE:7844	RNF103
NCBIGENE:7857	SCG2
NCBIGENE:7871	SLMAP
NCBIGENE:7874	USP7
NCBIGENE:79000	AUNIP
NCBIGENE:79025	r":"API rate limit exceeded
NCBIGENE:79053	ALG8
NCBIGENE:79075	DSCC1
NCBIGENE:79083	MLPH
NCBIGENE:79092	CARD14
NCBIGENE:79097	TRIM48
NCBIGENE:79148	MMP28
NCBIGENE:7916	PRRC2A
NCBIGENE:79366	HMGN5
NCBIGENE:79568	MAIP1
NCBIGENE:79586	CHPF
NCBIGENE:79642	ARSJ
NCBIGENE:79651	RHBDF2
NCBIGENE:79661	NEIL1
NCBIGENE:79727	LIN28A
NCBIGENE:79736	TEFM
NCBIGENE:79751	SLC25A22
NCBIGENE:79763	ISOC2
NCBIGENE:79792	GSDMD
NCBIGENE:79803	HPS6
NCBIGENE:79862	ZNF669
NCBIGENE:79897	RPP21
NCBIGENE:79902	NUP85
NCBIGENE:79918	SETD6
NCBIGENE:79922	MRM1
NCBIGENE:79960	JADE1
NCBIGENE:80218	r":"API rate limit exceeded
NCBIGENE:80223	RAB11FIP1
NCBIGENE:80271	r":"API rate limit exceeded
NCBIGENE:80301	PLEKHO2
NCBIGENE:8036	SHOC2
NCBIGENE:80818	ZNF436
NCBIGENE:8087	FXR1
NCBIGENE:8099	r":"API rate limit exceeded
NCBIGENE:8100	IFT88
NCBIGENE:81328	OR4A15
NCBIGENE:8140	SLC7A5
NCBIGENE:81406	OR2W6P
NCBIGENE:81539	r":"API rate limit exceeded
NCBIGENE:81554	RCC1L
NCBIGENE:81617	CAB39L
NCBIGENE:81669	CCNL2
NCBIGENE:81851	r":"API rate limit exceeded
NCBIGENE:8202	NCOA3
NCBIGENE:8226	PUDP
NCBIGENE:8273	SLC10A3
NCBIGENE:8318	CDC45
NCBIGENE:8334	r":"API rate limit exceeded
NCBIGENE:8339	H2BC8
NCBIGENE:83394	PITPNM3
NCBIGENE:83440	ADPGK
NCBIGENE:8349	H2BC21
NCBIGENE:8350	H3C1
NCBIGENE:8356	H3C12
NCBIGENE:83590	TMUB1
NCBIGENE:83695	r":"API rate limit exceeded
NCBIGENE:83699	SH3BGRL2
NCBIGENE:83756	TAS1R3
NCBIGENE:83854	ANGPTL6
NCBIGENE:83871	RAB34
NCBIGENE:8390	OR1G1
NCBIGENE:83953	FCAMR
NCBIGENE:83990	BRIP1
NCBIGENE:84000	TMPRSS13
NCBIGENE:84061	MAGT1
NCBIGENE:84281	C2orf88
NCBIGENE:84290	CAPNS2
NCBIGENE:84295	PHF6
NCBIGENE:84300	UQCC2
NCBIGENE:84432	PROK1
NCBIGENE:8444	DYRK3
NCBIGENE:84458	LCOR
NCBIGENE:8449	DHX16
NCBIGENE:8450	CUL4B
NCBIGENE:8462	KLF11
NCBIGENE:84689	MS4A14
NCBIGENE:84798	C19orf48
NCBIGENE:84894	LINGO1
NCBIGENE:8490	RGS5
NCBIGENE:84909	AOPEP
NCBIGENE:84919	PPP1R15B
NCBIGENE:84924	ZNF566
NCBIGENE:84940	CORO6
NCBIGENE:8496	PPFIBP1
NCBIGENE:85016	CFAP300
NCBIGENE:8514	KCNAB2
NCBIGENE:8514	KCNAB2
NCBIGENE:8515	ITGA10
NCBIGENE:85294	KRTAP2-4
NCBIGENE:85365	ALG2
NCBIGENE:85450	ITPRIP
NCBIGENE:8651	SOCS1
NCBIGENE:8685	MARCO
NCBIGENE:8690	r":"API rate limit exceeded
NCBIGENE:87	ACTN1
NCBIGENE:8708	B3GALT1
NCBIGENE:8718	TNFRSF25
NCBIGENE:8722	CTSF
NCBIGENE:8726	EED
NCBIGENE:8738	CRADD
NCBIGENE:8741	TNFSF13
NCBIGENE:8749	ADAM18
NCBIGENE:8756	r":"API rate limit exceeded
NCBIGENE:8774	NAPG
NCBIGENE:8778	SIGLEC5
NCBIGENE:8785	MATN4
NCBIGENE:8789	FBP2
NCBIGENE:8793	TNFRSF10D
NCBIGENE:8800	PEX11A
NCBIGENE:8803	SUCLA2
NCBIGENE:8815	BANF1
NCBIGENE:8819	SAP30
NCBIGENE:8831	SYNGAP1
NCBIGENE:8834	TMEM11
NCBIGENE:8837	CFLAR
NCBIGENE:8848	TSC22D1
NCBIGENE:8856	r":"API rate limit exceeded
NCBIGENE:8859	STK19
NCBIGENE:8880	FUBP1
NCBIGENE:8883	NAE1
NCBIGENE:8927	BSN
NCBIGENE:8968	r":"API rate limit exceeded
NCBIGENE:89781	HPS4
NCBIGENE:8993	PGLYRP1
NCBIGENE:8997	KALRN
NCBIGENE:9031	BAZ1B
NCBIGENE:9044	r":"API rate limit exceeded
NCBIGENE:9048	ARTN
NCBIGENE:9054	NFS1
NCBIGENE:9057	SLC7A6
NCBIGENE:9066	SYT7
NCBIGENE:90736	FAM104B
NCBIGENE:9079	LDB2
NCBIGENE:90835	CCDC189
NCBIGENE:9091	PIGQ
NCBIGENE:9119	KRT75
NCBIGENE:9122	SLC16A4
NCBIGENE:9126	SMC3
NCBIGENE:9129	PRPF3
NCBIGENE:9140	ATG12
NCBIGENE:9145	SYNGR1
NCBIGENE:9148	NEURL1
NCBIGENE:9153	SLC28A2
NCBIGENE:91612	CHURC1
NCBIGENE:91664	ZNF845
NCBIGENE:9167	COX7A2L
NCBIGENE:9181	ARHGEF2
NCBIGENE:91869	RFT1
NCBIGENE:9189	ZBED1
NCBIGENE:92	ACVR2A
NCBIGENE:9242	MSC
NCBIGENE:9253	NUMBL
NCBIGENE:9262	STK17B
NCBIGENE:9266	r":"API rate limit exceeded
NCBIGENE:9288	TAAR3P
NCBIGENE:9293	GPR52
NCBIGENE:92935	MARS2
NCBIGENE:92979	MARCHF9
NCBIGENE:93134	r":"API rate limit exceeded
NCBIGENE:93408	MYL10
NCBIGENE:93550	ZFAND4
NCBIGENE:9374	PPT2
NCBIGENE:9378	r":"API rate limit exceeded
NCBIGENE:9390	SLC22A13
NCBIGENE:9397	NMT2
NCBIGENE:94025	MUC16
NCBIGENE:94032	CAMK2N2
NCBIGENE:9415	FADS2
NCBIGENE:9436	NCR2
NCBIGENE:9440	MED17
NCBIGENE:9450	LY86
NCBIGENE:9456	HOMER1
NCBIGENE:9464	r":"API rate limit exceeded
NCBIGENE:9465	AKAP7
NCBIGENE:9473	THEMIS2
NCBIGENE:9489	PGS1
NCBIGENE:95	ACY1
NCBIGENE:9519	r":"API rate limit exceeded
NCBIGENE:9527	GOSR1
NCBIGENE:9535	GMFG
NCBIGENE:9573	GDF3
NCBIGENE:9581	PREPL
NCBIGENE:9590	AKAP12
NCBIGENE:9611	NCOR1
NCBIGENE:9612	NCOR2
NCBIGENE:9618	TRAF4
NCBIGENE:9622	r":"API rate limit exceeded
NCBIGENE:9629	CLCA3P
NCBIGENE:9683	N4BP1
NCBIGENE:9694	r":"API rate limit exceeded
NCBIGENE:9697	r":"API rate limit exceeded
NCBIGENE:9746	CLSTN3
NCBIGENE:9750	RIPOR2
NCBIGENE:9757	KMT2B
NCBIGENE:9766	SUSD6
NCBIGENE:9784	SNX17
NCBIGENE:9793	CKAP5
NCBIGENE:9807	IP6K1
NCBIGENE:9819	TSC22D2
NCBIGENE:9824	ARHGAP11A
NCBIGENE:9831	ZNF623
NCBIGENE:9837	GINS1
NCBIGENE:9851	KIAA0753
NCBIGENE:9900	SV2A
NCBIGENE:9901	SRGAP3
NCBIGENE:9904	RBM19
NCBIGENE:9907	AP5Z1
NCBIGENE:9912	ARHGAP44
NCBIGENE:9917	FAM20B
NCBIGENE:9920	KBTBD11
NCBIGENE:9928	KIF14
NCBIGENE:9933	PUM3
NCBIGENE:9958	USP15
NCBIGENE:9976	r":"API rate limit exceeded
NCBIGENE:9990	SLC12A6
NCBIGENE:9994	CASP8AP2
NCBIGENE:100037417	DDTL
NCBIGENE:10007	GNPDA1
NCBIGENE:10010	TANK
NCBIGENE:100101629	GAGE8
NCBIGENE:100124696	TEC
NCBIGENE:100126315	MIR665
NCBIGENE:100126318	MIR301B
NCBIGENE:100126325	MIR935
NCBIGENE:100126338	MIR937
NCBIGENE:100126345	MIR889
NCBIGENE:100128569	C19orf71
NCBIGENE:100129216	DEFB131B
NCBIGENE:100129385	C9orf92
NCBIGENE:100130361	CXorf49
NCBIGENE:100130613	PRR32
NCBIGENE:100130890	r":"API rate limit exceeded
NCBIGENE:100131137	BSPH1
NCBIGENE:100131244	ANKRD63
NCBIGENE:100131378	C11orf91
NCBIGENE:100131439	CD300LD
NCBIGENE:100131539	ZNF705E
NCBIGENE:100131755	ARMCX4
NCBIGENE:100131897	INSYN2B
NCBIGENE:100131980	r":"API rate limit exceeded
NCBIGENE:100132304	FAM236B
NCBIGENE:100132406	NBPF10
NCBIGENE:100132463	CLDN24
NCBIGENE:100132911	r":"API rate limit exceeded
NCBIGENE:100132963	SMIM9
NCBIGENE:100133053	CXorf51B
NCBIGENE:100133251	PRR23D2
NCBIGENE:100133267	r":"API rate limit exceeded
NCBIGENE:100133301	FAM231BP
NCBIGENE:100134444	KCNJ18
NCBIGENE:100137047	JMJD7
NCBIGENE:100141515	C17orf99
NCBIGENE:100142659	CTAGE8
NCBIGENE:100169751	RNA5S1
NCBIGENE:100169754	r":"API rate limit exceeded
NCBIGENE:100169759	RNA5S8
NCBIGENE:100169763	RNA5S12
NCBIGENE:100169767	RNA5S16
NCBIGENE:100170765	ERICH4
NCBIGENE:100170841	r":"API rate limit exceeded
NCBIGENE:100188856	DEL22Q11.2
NCBIGENE:100188893	TOMM6
NCBIGENE:100191040	C2CD4D
NCBIGENE:1002	CDH4
NCBIGENE:10021	HCN4
NCBIGENE:100216344	DYT17
NCBIGENE:100271837	USH1H
NCBIGENE:100271846	ERVV-2
NCBIGENE:100272147	CMC4
NCBIGENE:100287205	USP17L12
NCBIGENE:100287284	MANSC4
NCBIGENE:100287327	USP17L17
NCBIGENE:100287404	USP17L19
NCBIGENE:100287441	USP17L20
NCBIGENE:100287478	USP17L21
NCBIGENE:100288332	NPIPA5
NCBIGENE:100288485	MTRNR2L7
NCBIGENE:100288687	DUX4
NCBIGENE:100288797	TMEM239
NCBIGENE:100293534	C4B_2
NCBIGENE:100302115	MIR1468
NCBIGENE:100302145	MIR1247
NCBIGENE:100302150	MIR1296
NCBIGENE:100302168	MIR1257
NCBIGENE:100302183	MIR1825
NCBIGENE:100313781	MIR718
NCBIGENE:100313923	MIR449C
NCBIGENE:100359403	PARK16
NCBIGENE:100423009	MIR4329
NCBIGENE:10045	SH2D3A
NCBIGENE:100463487	MTRNR2L9
NCBIGENE:100505679	r":"API rate limit exceeded
NCBIGENE:100505876	CEBPZOS
NCBIGENE:100506049	LRRC72
NCBIGENE:100506127	GVQW3
NCBIGENE:100506243	r":"API rate limit exceeded
NCBIGENE:100506248	PTMAP9
NCBIGENE:100506736	SLFN12L
NCBIGENE:100507096	GIMD1
NCBIGENE:100507170	CT47A12
NCBIGENE:100507290	ZNF865
NCBIGENE:100507421	TMEM178B
NCBIGENE:100507588	TGFBR3L
NCBIGENE:100507607	NPIPB9
NCBIGENE:100526693	ARPC4-TTLL3
NCBIGENE:100526835	FPGT-TNNI3K
NCBIGENE:100527964	LHX4-AS1
NCBIGENE:100528017	SAA2-SAA4
NCBIGENE:100528030	POC1B-GALNT4
NCBIGENE:100533177	KRTAP29-1
NCBIGENE:10058	ABCB6
NCBIGENE:100616150	MIR4720
NCBIGENE:100616256	r":"API rate limit exceeded
NCBIGENE:100616258	MIR4516
NCBIGENE:100616394	MIR4444-1
NCBIGENE:100616403	MIR4691
NCBIGENE:100616414	MIR4761
NCBIGENE:100616459	MIR4745
NCBIGENE:100616477	r":"API rate limit exceeded
NCBIGENE:100616496	ERVW-4
NCBIGENE:100631383	FAM47E-STBD1
NCBIGENE:100652824	KIAA2012
NCBIGENE:100653049	LOC100653049
NCBIGENE:10069	r":"API rate limit exceeded
NCBIGENE:10078	TSSC4
NCBIGENE:10081	PDCD7
NCBIGENE:100820829	MYZAP
NCBIGENE:100847070	r":"API rate limit exceeded
NCBIGENE:100847079	MIR5193
NCBIGENE:10086	HHLA1
NCBIGENE:100862671	TMEM265
NCBIGENE:100885848	r":"API rate limit exceeded
NCBIGENE:100885850	PTGES3L-AARSD1
NCBIGENE:10092	ARPC5
NCBIGENE:10094	ARPC3
NCBIGENE:10096	ACTR3
NCBIGENE:100996331	POTEB
NCBIGENE:100996709	LOC100996709
NCBIGENE:100996746	SPDYE11
NCBIGENE:100996763	NOTCH2NLB
NCBIGENE:100996928	r":"API rate limit exceeded
NCBIGENE:100996939	PYURF
NCBIGENE:10103	TSPAN1
NCBIGENE:10106	CTDSP2
NCBIGENE:101060321	TBC1D3G
NCBIGENE:101060521	r":"API rate limit exceeded
NCBIGENE:10110	SGK2
NCBIGENE:10128	LRPPRC
NCBIGENE:10153	CEBPZ
NCBIGENE:10175	CNIH1
NCBIGENE:10179	r":"API rate limit exceeded
NCBIGENE:10181	RBM5
NCBIGENE:10186	LHFPL6
NCBIGENE:101929926	TEX51
NCBIGENE:10193	r":"API rate limit exceeded
NCBIGENE:10196	PRMT3
NCBIGENE:10198	MPHOSPH9
NCBIGENE:102	ADAM10
NCBIGENE:10200	MPHOSPH6
NCBIGENE:10202	DHRS2
NCBIGENE:10204	r":"API rate limit exceeded
NCBIGENE:10211	FLOT1
NCBIGENE:10221	TRIB1
NCBIGENE:10226	PLIN3
NCBIGENE:10233	r":"API rate limit exceeded
NCBIGENE:10235	RASGRP2
NCBIGENE:10243	GPHN
NCBIGENE:10244	RABEPK
NCBIGENE:102464826	r":"API rate limit exceeded
NCBIGENE:102465429	MIR6511B1
NCBIGENE:102465454	MIR6758
NCBIGENE:102465524	MIR6869
NCBIGENE:102465667	MIR7110
NCBIGENE:102466194	MIR6773
NCBIGENE:102466658	MIR6510
NCBIGENE:10252	SPRY1
NCBIGENE:10265	IRX5
NCBIGENE:10270	AKAP8
NCBIGENE:102723655	r":"API rate limit exceeded
NCBIGENE:102723859	TBC1D3E
NCBIGENE:102724101	TP53TG3E
NCBIGENE:102724488	LOC102724488
NCBIGENE:102724594	U2AF1L5
NCBIGENE:10285	SMNDC1
NCBIGENE:10289	EIF1B
NCBIGENE:10296	MAEA
NCBIGENE:10300	KATNB1
NCBIGENE:10309	CCNO
NCBIGENE:10314	LANCL1
NCBIGENE:10316	NMUR1
NCBIGENE:10322	SMYD5
NCBIGENE:10333	TLR6
NCBIGENE:10343	PKDREJ
NCBIGENE:103753527	SCA37
NCBIGENE:10388	SYCP2
NCBIGENE:10407	SPAG11B
NCBIGENE:10411	RAPGEF3
NCBIGENE:10412	NSA2
NCBIGENE:10435	CDC42EP2
NCBIGENE:10439	OLFM1
NCBIGENE:10452	TOMM40
NCBIGENE:10454	TAB1
NCBIGENE:10458	BAIAP2
NCBIGENE:10459	MAD2L2
NCBIGENE:10463	SLC30A9
NCBIGENE:10472	ZBTB18
NCBIGENE:10476	ATP5PD
NCBIGENE:10479	SLC9A6
NCBIGENE:10489	r":"API rate limit exceeded
NCBIGENE:10501	SEMA6B
NCBIGENE:10507	SEMA4D
NCBIGENE:10513	APPBP2
NCBIGENE:10527	IPO7
NCBIGENE:10529	r":"API rate limit exceeded
NCBIGENE:10531	PITRM1
NCBIGENE:10536	P3H3
NCBIGENE:105369241	LOC105369241
NCBIGENE:105370298	LOC105370298
NCBIGENE:105371242	r":"API rate limit exceeded
NCBIGENE:105377641	LOC105377641
NCBIGENE:105378803	LRRC53
NCBIGENE:105379765	LOC105379765
NCBIGENE:105379861	LOC105379861
NCBIGENE:10542	LAMTOR5
NCBIGENE:10553	HTATIP2
NCBIGENE:10556	RPP30
NCBIGENE:10560	SLC19A2
NCBIGENE:10579	r":"API rate limit exceeded
NCBIGENE:10585	POMT1
NCBIGENE:10587	TXNRD2
NCBIGENE:10591	r":"API rate limit exceeded
NCBIGENE:10598	AHSA1
NCBIGENE:10611	PDLIM5
NCBIGENE:10614	HEXIM1
NCBIGENE:10615	SPAG5
NCBIGENE:10626	TRIM16
NCBIGENE:10633	RASL10A
NCBIGENE:10647	SCGB1D2
NCBIGENE:10661	KLF1
NCBIGENE:10666	CD226
NCBIGENE:10672	r":"API rate limit exceeded
NCBIGENE:10678	B3GNT2
NCBIGENE:106821730	BUB1B-PAK6
NCBIGENE:10687	PNMA2
NCBIGENE:10691	GMEB1
NCBIGENE:10695	CNPY3
NCBIGENE:107	ADCY1
NCBIGENE:10712	FAM189B
NCBIGENE:10714	POLD3
NCBIGENE:10716	TBR1
NCBIGENE:107181291	PYDC5
NCBIGENE:1072	CFL1
NCBIGENE:10721	POLQ
NCBIGENE:10728	r":"API rate limit exceeded
NCBIGENE:10730	YME1L1
NCBIGENE:10739	RFPL2
NCBIGENE:10766	TOB2
NCBIGENE:10775	POP4
NCBIGENE:10785	WDR4
NCBIGENE:10791	VAMP5
NCBIGENE:10797	MTHFD2
NCBIGENE:107984055	LOC107984055
NCBIGENE:107987462	r":"API rate limit exceeded
NCBIGENE:107987488	LOC107987488
NCBIGENE:107987490	LOC107987490
NCBIGENE:107987491	LOC107987491
NCBIGENE:10814	CPLX2
NCBIGENE:10815	r":"API rate limit exceeded
NCBIGENE:10826	FAXDC2
NCBIGENE:10840	ALDH1L1
NCBIGENE:10876	EDDM3A
NCBIGENE:10880	ACTL7B
NCBIGENE:10881	ACTL7A
NCBIGENE:10882	C1QL1
NCBIGENE:10886	r":"API rate limit exceeded
NCBIGENE:10904	BLCAP
NCBIGENE:10921	RNPS1
NCBIGENE:10926	DBF4
NCBIGENE:10933	MORF4L1
NCBIGENE:10935	r":"API rate limit exceeded
NCBIGENE:10946	SF3A3
NCBIGENE:109580095	HBB-LCR
NCBIGENE:10961	ERP29
NCBIGENE:10971	r":"API rate limit exceeded
NCBIGENE:10975	UQCR11
NCBIGENE:10980	COPS6
NCBIGENE:10989	IMMT
NCBIGENE:10991	SLC38A3
NCBIGENE:11007	CCDC85B
NCBIGENE:11012	KLK11
NCBIGENE:11014	KDELR2
NCBIGENE:11016	ATF7
NCBIGENE:11079	RER1
NCBIGENE:11085	ADAM30
NCBIGENE:11093	ADAMTS13
NCBIGENE:11095	ADAMTS8
NCBIGENE:11097	NUP42
NCBIGENE:11099	PTPN21
NCBIGENE:11101	r":"API rate limit exceeded
NCBIGENE:11107	PRDM5
NCBIGENE:11123	RCAN3
NCBIGENE:11127	KIF3A
NCBIGENE:11128	POLR3A
NCBIGENE:11135	CDC42EP1
NCBIGENE:11144	DMC1
NCBIGENE:11148	HHLA2
NCBIGENE:11153	FICD
NCBIGENE:11161	r":"API rate limit exceeded
NCBIGENE:11162	NUDT6
NCBIGENE:11164	NUDT5
NCBIGENE:11171	STRAP
NCBIGENE:11173	ADAMTS7
NCBIGENE:11180	r":"API rate limit exceeded
NCBIGENE:11184	MAP4K1
NCBIGENE:11189	CELF3
NCBIGENE:11194	ABCB8
NCBIGENE:112	r":"API rate limit exceeded
NCBIGENE:11200	CHEK2
NCBIGENE:11221	DUSP10
NCBIGENE:11226	GALNT6
NCBIGENE:11230	PRAF2
NCBIGENE:11243	PMF1
NCBIGENE:112464	CAVIN3
NCBIGENE:112495	GTF3C6
NCBIGENE:11254	SLC6A14
NCBIGENE:112574	SNX18
NCBIGENE:112609	MRAP2
NCBIGENE:11272	PRR4
NCBIGENE:11275	r":"API rate limit exceeded
NCBIGENE:112752	IFT43
NCBIGENE:112817	HOGA1
NCBIGENE:112885	PHF21B
NCBIGENE:112942	CFAP36
NCBIGENE:112950	MED8
NCBIGENE:113000	RPUSD1
NCBIGENE:113026	PLCD3
NCBIGENE:113091	PTH2
NCBIGENE:113177	r":"API rate limit exceeded
NCBIGENE:113178	SCAMP4
NCBIGENE:11318	GPR182
NCBIGENE:113189	CHST14
NCBIGENE:113201	GOLM2
NCBIGENE:113235	r":"API rate limit exceeded
NCBIGENE:113246	C12orf57
NCBIGENE:113277	TMEM106A
NCBIGENE:113278	SLC52A3
NCBIGENE:11328	FKBP9
NCBIGENE:11330	r":"API rate limit exceeded
NCBIGENE:11340	EXOSC8
NCBIGENE:113419	TEX261
NCBIGENE:113540	CMTM1
NCBIGENE:113612	r":"API rate limit exceeded
NCBIGENE:113746	ODF3
NCBIGENE:113791	PIK3IP1
NCBIGENE:113802	HENMT1
NCBIGENE:113829	SLC35A4
NCBIGENE:114049	BUD23
NCBIGENE:1141	CHRNB2
NCBIGENE:114134	SLC2A13
NCBIGENE:114294	LACTB
NCBIGENE:1143	r":"API rate limit exceeded
NCBIGENE:114327	EFHC1
NCBIGENE:114571	SLC22A9
NCBIGENE:114625	ERMAP
NCBIGENE:114757	CYGB
NCBIGENE:114769	r":"API rate limit exceeded
NCBIGENE:114780	PKD1L2
NCBIGENE:114784	CSMD2
NCBIGENE:114785	MBD6
NCBIGENE:114790	STK11IP
NCBIGENE:114792	KLHL32
NCBIGENE:114793	FMNL2
NCBIGENE:114794	ELFN2
NCBIGENE:114801	TMEM200A
NCBIGENE:114803	r":"API rate limit exceeded
NCBIGENE:114814	GNRHR2
NCBIGENE:114815	SORCS1
NCBIGENE:114818	KLHL29
NCBIGENE:114823	LENG8
NCBIGENE:114824	PNMA5
NCBIGENE:114827	FHAD1
NCBIGENE:114879	OSBPL5
NCBIGENE:114881	OSBPL7
NCBIGENE:114882	OSBPL8
NCBIGENE:114885	OSBPL11
NCBIGENE:114902	C1QTNF5
NCBIGENE:114907	r":"API rate limit exceeded
NCBIGENE:114908	TMEM123
NCBIGENE:114971	PTPMT1
NCBIGENE:1152	CKB
NCBIGENE:115361	r":"API rate limit exceeded
NCBIGENE:115426	UHRF2
NCBIGENE:115701	ALPK2
NCBIGENE:115992	r":"API rate limit exceeded
NCBIGENE:116071	BATF2
NCBIGENE:116085	SLC22A12
NCBIGENE:116211	TM4SF19
NCBIGENE:116225	ZMYND19
NCBIGENE:116228	COX20
NCBIGENE:116255	MOGAT1
NCBIGENE:116285	r":"API rate limit exceeded
NCBIGENE:116362	RBP7
NCBIGENE:116369	SLC26A8
NCBIGENE:116442	RAB39B
NCBIGENE:116461	TSEN15
NCBIGENE:116496	NIBAN1
NCBIGENE:116512	MRGPRD
NCBIGENE:116535	MRGPRF
NCBIGENE:116541	r":"API rate limit exceeded
NCBIGENE:116843	r":"API rate limit exceeded
NCBIGENE:116983	ACAP3
NCBIGENE:116984	ARAP2
NCBIGENE:116985	ARAP1
NCBIGENE:116986	AGAP2
NCBIGENE:116988	AGAP3
NCBIGENE:117	ADCYAP1R1
NCBIGENE:117154	DACH2
NCBIGENE:117155	CATSPER2
NCBIGENE:117157	SH2D1B
NCBIGENE:117159	DCD
NCBIGENE:117177	RAB3IP
NCBIGENE:117195	MRGPRX3
NCBIGENE:117289	TAGAP
NCBIGENE:118426	BORCS5
NCBIGENE:118460	EXOSC6
NCBIGENE:118490	MSS51
NCBIGENE:118670	FAM24A
NCBIGENE:118672	PSTK
NCBIGENE:118856	MMP21
NCBIGENE:118924	FRA10AC1
NCBIGENE:118932	ANKRD22
NCBIGENE:118980	SFXN2
NCBIGENE:118987	PDZD8
NCBIGENE:119016	AGAP4
NCBIGENE:119391	r":"API rate limit exceeded
NCBIGENE:119392	SFR1
NCBIGENE:119467	CLRN3
NCBIGENE:119504	ANAPC16
NCBIGENE:119548	PNLIPRP3
NCBIGENE:119679	OR52J3
NCBIGENE:119710	IFTAP
NCBIGENE:119749	OR4C46
NCBIGENE:119772	r":"API rate limit exceeded
NCBIGENE:119774	OR52K2
NCBIGENE:120103	SLC36A4
NCBIGENE:120224	TMEM45B
NCBIGENE:1203	r":"API rate limit exceeded
NCBIGENE:120406	NXPE2
NCBIGENE:120526	DNAJC24
NCBIGENE:120534	ARL14EP
NCBIGENE:120793	r":"API rate limit exceeded
NCBIGENE:121260	SLC15A4
NCBIGENE:121391	KRT74
NCBIGENE:122042	RXFP2
NCBIGENE:122618	PLD4
NCBIGENE:122665	RNASE8
NCBIGENE:123096	SLC25A29
NCBIGENE:123207	C15orf40
NCBIGENE:123688	HYKK
NCBIGENE:123904	NRN1L
NCBIGENE:123920	CMTM3
NCBIGENE:123970	C16orf78
NCBIGENE:124044	SPATA2L
NCBIGENE:124093	CCDC78
NCBIGENE:124152	IQCK
NCBIGENE:124220	ZG16B
NCBIGENE:124402	UBALD1
NCBIGENE:124404	SEPTIN12
NCBIGENE:124411	r":"API rate limit exceeded
NCBIGENE:124454	EARS2
NCBIGENE:124512	METTL23
NCBIGENE:124538	OR4D2
NCBIGENE:124590	USH1G
NCBIGENE:124626	ZPBP2
NCBIGENE:124641	OVCA2
NCBIGENE:124751	KRBA2
NCBIGENE:124783	SPATA32
NCBIGENE:124790	HEXIM2
NCBIGENE:124817	CNTD1
NCBIGENE:124961	ZFP3
NCBIGENE:125	ADH1B
NCBIGENE:125111	r":"API rate limit exceeded
NCBIGENE:125206	SLC5A10
NCBIGENE:125228	FAM210A
NCBIGENE:126	ADH1C
NCBIGENE:126074	SWSAP1
NCBIGENE:126075	CCDC159
NCBIGENE:126119	JOSD2
NCBIGENE:126123	IZUMO2
NCBIGENE:126133	ALDH16A1
NCBIGENE:126231	ZNF573
NCBIGENE:126295	ZNF57
NCBIGENE:126308	MOB3A
NCBIGENE:126326	GIPC3
NCBIGENE:126353	MISP
NCBIGENE:126374	WTIP
NCBIGENE:126382	NR2C2AP
NCBIGENE:126402	CCDC105
NCBIGENE:126541	OR10H4
NCBIGENE:126549	ANKLE1
NCBIGENE:126626	GABPB2
NCBIGENE:126668	TDRD10
NCBIGENE:126695	KDF1
NCBIGENE:126767	r":"API rate limit exceeded
NCBIGENE:126792	B3GALT6
NCBIGENE:126820	DNAI3
NCBIGENE:126917	IFFO2
NCBIGENE:127002	ATXN7L2
NCBIGENE:127059	OR2M5
NCBIGENE:127074	OR2T4
NCBIGENE:127077	OR2T11
NCBIGENE:127247	ASB17
NCBIGENE:127255	LRRIQ3
NCBIGENE:127281	PRXL2B
NCBIGENE:127396	ZNF684
NCBIGENE:127495	LRRC39
NCBIGENE:127550	r":"API rate limit exceeded
NCBIGENE:127579	DCST2
NCBIGENE:127617	OR14L1P
NCBIGENE:127795	C1orf87
NCBIGENE:127829	ARL8A
NCBIGENE:127933	UHMK1
NCBIGENE:128	ADH5
NCBIGENE:128061	C1orf131
NCBIGENE:128153	SPATA17
NCBIGENE:128218	TMEM125
NCBIGENE:128239	IQGAP3
NCBIGENE:128308	MRPL55
NCBIGENE:128360	OR10T2
NCBIGENE:128368	OR10Z1
NCBIGENE:128372	r":"API rate limit exceeded
NCBIGENE:128408	BHLHE23
NCBIGENE:128821	CST9L
NCBIGENE:128866	CHMP4B
NCBIGENE:128989	TANGO2
NCBIGENE:129049	SGSM1
NCBIGENE:129303	TMEM150A
NCBIGENE:129446	XIRP2
NCBIGENE:129531	MITD1
NCBIGENE:129607	r":"API rate limit exceeded
NCBIGENE:129685	TAF8
NCBIGENE:129868	TRIM43
NCBIGENE:129880	BBS5
NCBIGENE:130013	ACMSD
NCBIGENE:1301	COL11A1
NCBIGENE:130120	REG3G
NCBIGENE:130340	AP1S3
NCBIGENE:130399	ACVR1C
NCBIGENE:130507	UBR3
NCBIGENE:130574	LYPD6
NCBIGENE:130576	LYPD6B
NCBIGENE:130612	TMEM198
NCBIGENE:130617	r":"API rate limit exceeded
NCBIGENE:130733	TMEM178A
NCBIGENE:130813	C2orf50
NCBIGENE:130827	TMEM182
NCBIGENE:130940	CCDC148
NCBIGENE:130951	M1AP
NCBIGENE:131	ADH7
NCBIGENE:1311	COMP
NCBIGENE:131118	DNAJC19
NCBIGENE:131177	r":"API rate limit exceeded
NCBIGENE:131368	ZPLD1
NCBIGENE:131405	TRIM71
NCBIGENE:131408	FAM131A
NCBIGENE:131450	r":"API rate limit exceeded
NCBIGENE:131566	r":"API rate limit exceeded
NCBIGENE:131578	LRRC15
NCBIGENE:131601	TPRA1
NCBIGENE:131669	UROC1
NCBIGENE:1317	r":"API rate limit exceeded
NCBIGENE:131890	GRK7
NCBIGENE:132014	IL17RE
NCBIGENE:132112	RTP1
NCBIGENE:132204	SYNPR
NCBIGENE:132332	SMIM43
NCBIGENE:132430	PABPC4L
NCBIGENE:132612	ADAD1
NCBIGENE:132625	ZFP42
NCBIGENE:132720	FAM241A
NCBIGENE:132949	AASDH
NCBIGENE:132989	C4orf36
NCBIGENE:133060	OTOP1
NCBIGENE:133383	r":"API rate limit exceeded
NCBIGENE:133396	IL31RA
NCBIGENE:133418	EMB
NCBIGENE:133482	SLCO6A1
NCBIGENE:133558	MROH2B
NCBIGENE:133584	r":"API rate limit exceeded
NCBIGENE:133686	NADK2
NCBIGENE:133690	CAPSL
NCBIGENE:133957	CCDC127
NCBIGENE:1340	COX6B1
NCBIGENE:134111	UBE2QL1
NCBIGENE:134187	r":"API rate limit exceeded
NCBIGENE:134265	AFAP1L1
NCBIGENE:134285	TMEM171
NCBIGENE:134353	LSM11
NCBIGENE:134391	GPR151
NCBIGENE:134430	r":"API rate limit exceeded
NCBIGENE:134526	ACOT12
NCBIGENE:134549	SHROOM1
NCBIGENE:134701	RIPPLY2
NCBIGENE:134860	r":"API rate limit exceeded
NCBIGENE:1350	COX7C
NCBIGENE:135152	B3GAT2
NCBIGENE:135250	RAET1E
NCBIGENE:135458	r":"API rate limit exceeded
NCBIGENE:135924	OR9A2
NCBIGENE:135932	TMEM139
NCBIGENE:135941	OR2A14
NCBIGENE:135948	OR2F2
NCBIGENE:136242	PRSS37
NCBIGENE:136263	SSMEM1
NCBIGENE:136288	C7orf57
NCBIGENE:136371	ASB10
NCBIGENE:136991	ASZ1
NCBIGENE:137196	CCDC26
NCBIGENE:137362	GOT1L1
NCBIGENE:137682	NDUFAF6
NCBIGENE:137735	ABRA
NCBIGENE:137797	r":"API rate limit exceeded
NCBIGENE:137835	TMEM71
NCBIGENE:137872	ADHFE1
NCBIGENE:137902	PXDNL
NCBIGENE:1380	CR2
NCBIGENE:138199	CARNMT1
NCBIGENE:138240	C9orf57
NCBIGENE:138255	C9orf135
NCBIGENE:138307	r":"API rate limit exceeded
NCBIGENE:1384	CRAT
NCBIGENE:138428	PTRH1
NCBIGENE:138805	OR13F1
NCBIGENE:139105	BEND2
NCBIGENE:139189	DGKK
NCBIGENE:139231	FAM199X
NCBIGENE:139341	FUNDC1
NCBIGENE:139411	PTCHD1
NCBIGENE:139599	MAGEE2
NCBIGENE:139735	ZFP92
NCBIGENE:139793	PAGE3
NCBIGENE:1400	CRMP1
NCBIGENE:140597	TCEAL2
NCBIGENE:140609	NEK7
NCBIGENE:142	PARP1
NCBIGENE:1423	CRYGFP
NCBIGENE:142891	SAMD8
NCBIGENE:142910	LIPJ
NCBIGENE:142940	TRUB1
NCBIGENE:143187	VTI1A
NCBIGENE:1442	CSH1
NCBIGENE:144809	FAM216B
NCBIGENE:145173	B3GLCT
NCBIGENE:145226	RDH12
NCBIGENE:145376	r":"API rate limit exceeded
NCBIGENE:145407	ARMH4
NCBIGENE:145447	ABHD12B
NCBIGENE:145483	FAM161B
NCBIGENE:145645	TERB2
NCBIGENE:145748	LYSMD4
NCBIGENE:145773	FAM81A
NCBIGENE:145781	GCOM1
NCBIGENE:145853	C15orf61
NCBIGENE:145942	r":"API rate limit exceeded
NCBIGENE:146059	CDAN1
NCBIGENE:146167	SLC38A8
NCBIGENE:146183	OTOA
NCBIGENE:146206	CARMIL2
NCBIGENE:146279	r":"API rate limit exceeded
NCBIGENE:146378	C16orf92
NCBIGENE:146429	SLC22A31
NCBIGENE:146439	BICDL2
NCBIGENE:146542	ZNF688
NCBIGENE:146562	C16orf71
NCBIGENE:146691	TOM1L2
NCBIGENE:146722	CD300LF
NCBIGENE:146723	C17orf77
NCBIGENE:146802	r":"API rate limit exceeded
NCBIGENE:146849	CCDC42
NCBIGENE:146852	ODF4
NCBIGENE:146861	SLC35G3
NCBIGENE:146894	CD300LG
NCBIGENE:147011	r":"API rate limit exceeded
NCBIGENE:147040	KCTD11
NCBIGENE:147138	TMC8
NCBIGENE:147183	KRT25
NCBIGENE:147463	ANKRD29
NCBIGENE:147495	APCDD1
NCBIGENE:147645	VSIG10L
NCBIGENE:147650	SPACA6
NCBIGENE:147658	ZNF534
NCBIGENE:147664	ERVV-1
NCBIGENE:148156	ZNF558
NCBIGENE:148206	ZNF714
NCBIGENE:148223	r":"API rate limit exceeded
NCBIGENE:148252	DIRAS1
NCBIGENE:148304	C1orf74
NCBIGENE:148398	SAMD11
NCBIGENE:148423	C1orf52
NCBIGENE:148581	r":"API rate limit exceeded
NCBIGENE:148738	r":"API rate limit exceeded
NCBIGENE:148789	B3GALNT2
NCBIGENE:148811	PM20D1
NCBIGENE:148823	GCSAML
NCBIGENE:148930	KNCN
NCBIGENE:148932	MOB3C
NCBIGENE:149013	NBPF12
NCBIGENE:149018	LELP1
NCBIGENE:149069	DCDC2B
NCBIGENE:149175	r":"API rate limit exceeded
NCBIGENE:149461	CLDN19
NCBIGENE:149478	BTBD19
NCBIGENE:1497	CTNS
NCBIGENE:149954	r":"API rate limit exceeded
NCBIGENE:150082	LCA5L
NCBIGENE:150274	HSCB
NCBIGENE:150297	C22orf42
NCBIGENE:150368	PHETA2
NCBIGENE:150483	TEKT4
NCBIGENE:150684	COMMD1
NCBIGENE:150921	TCF23
NCBIGENE:151056	PLB1
NCBIGENE:151188	r":"API rate limit exceeded
NCBIGENE:1512	CTSH
NCBIGENE:151242	PPP1R1C
NCBIGENE:151295	SLC23A3
NCBIGENE:151525	r":"API rate limit exceeded
NCBIGENE:151742	PPM1L
NCBIGENE:151887	CCDC80
NCBIGENE:152206	CCDC13
NCBIGENE:152573	SHISA3
NCBIGENE:152579	SCFD2
NCBIGENE:152586	r":"API rate limit exceeded
NCBIGENE:153201	SLC36A2
NCBIGENE:153222	CREBRF
NCBIGENE:153241	CEP120
NCBIGENE:153328	SLC25A48
NCBIGENE:153339	r":"API rate limit exceeded
NCBIGENE:153643	FAM81B
NCBIGENE:153657	TTC23L
NCBIGENE:153830	RNF145
NCBIGENE:153918	ZC2HC1B
NCBIGENE:1540	CYLD
NCBIGENE:154141	MBOAT1
NCBIGENE:154150	HDGFL1
NCBIGENE:154313	CFAP206
NCBIGENE:154661	RUNDC3B
NCBIGENE:154664	ABCA13
NCBIGENE:154791	FMC1
NCBIGENE:154796	AMOT
NCBIGENE:154807	r":"API rate limit exceeded
NCBIGENE:154872	C7orf77
NCBIGENE:1549	CYP2A7
NCBIGENE:154907	C7orf66
NCBIGENE:155038	r":"API rate limit exceeded
NCBIGENE:155051	CRYGN
NCBIGENE:155061	ZNF746
NCBIGENE:155184	SLC2A7
NCBIGENE:155185	AMZ1
NCBIGENE:155368	METTL27
NCBIGENE:155435	RBM33
NCBIGENE:155465	AGR3
NCBIGENE:1558	CYP2C8
NCBIGENE:157285	PRAG1
NCBIGENE:157378	TMEM65
NCBIGENE:157567	ANKRD46
NCBIGENE:157574	FBXO16
NCBIGENE:157680	VPS13B
NCBIGENE:157695	TDRP
NCBIGENE:157697	ERICH1
NCBIGENE:157724	SLC7A13
NCBIGENE:157753	TMEM74
NCBIGENE:157769	r":"API rate limit exceeded
NCBIGENE:157773	C8orf48
NCBIGENE:157848	NKX6-3
NCBIGENE:157869	SBSPON
NCBIGENE:157983	DOCK8-AS1
NCBIGENE:158038	r":"API rate limit exceeded
NCBIGENE:158067	AK8
NCBIGENE:158078	EEF1A1P5
NCBIGENE:158158	RASEF
NCBIGENE:158219	r":"API rate limit exceeded
NCBIGENE:158293	FAM120AOS
NCBIGENE:158314	LINC00475
NCBIGENE:158326	FREM1
NCBIGENE:158358	KIAA2026
NCBIGENE:158427	TSTD2
NCBIGENE:158511	r":"API rate limit exceeded
NCBIGENE:158584	FAAH2
NCBIGENE:158586	ZXDB
NCBIGENE:1586	CYP17A1
NCBIGENE:158747	MOSPD2
NCBIGENE:158787	r":"API rate limit exceeded
NCBIGENE:158800	RHOXF1
NCBIGENE:158809	MAGEB6
NCBIGENE:158833	AWAT1
NCBIGENE:158835	AWAT2
NCBIGENE:158866	ZDHHC15
NCBIGENE:159013	CXorf38
NCBIGENE:159090	PABIR2
NCBIGENE:159091	PABIR3
NCBIGENE:159119	HSFY2
NCBIGENE:159195	USP54
NCBIGENE:160065	PATE1
NCBIGENE:160298	C11orf42
NCBIGENE:160364	CLEC12A
NCBIGENE:160419	C12orf50
NCBIGENE:160428	ALDH1L2
NCBIGENE:160518	DENND5B
NCBIGENE:160762	CCDC63
NCBIGENE:160777	r":"API rate limit exceeded
NCBIGENE:1608	DGKG
NCBIGENE:160851	DGKH
NCBIGENE:160897	GPR180
NCBIGENE:161003	STOML3
NCBIGENE:161142	FAM71D
NCBIGENE:161253	REM2
NCBIGENE:161291	TMEM30B
NCBIGENE:161497	STRC
NCBIGENE:161502	r":"API rate limit exceeded
NCBIGENE:161725	OTUD7A
NCBIGENE:161742	SPRED1
NCBIGENE:161753	ODF3L1
NCBIGENE:161829	EXD1
NCBIGENE:161835	FSIP1
NCBIGENE:161931	ADAD2
NCBIGENE:162	AP1B1
NCBIGENE:162073	ITPRIPL2
NCBIGENE:162239	ZFP1
NCBIGENE:162333	r":"API rate limit exceeded
NCBIGENE:162387	MFSD6L
NCBIGENE:162417	NAGS
NCBIGENE:162427	RETREG3
NCBIGENE:162461	TMEM92
NCBIGENE:162466	r":"API rate limit exceeded
NCBIGENE:162605	KRT28
NCBIGENE:162963	ZNF610
NCBIGENE:162966	ZNF600
NCBIGENE:162972	ZNF550
NCBIGENE:162998	OR7D2
NCBIGENE:163	AP2B1
NCBIGENE:163071	ZNF114
NCBIGENE:163154	r":"API rate limit exceeded
NCBIGENE:163227	ZNF100
NCBIGENE:163479	FNDC7
NCBIGENE:164153	UBL4B
NCBIGENE:164284	APCDD1L
NCBIGENE:164312	LRRN4
NCBIGENE:164592	CCDC116
NCBIGENE:164633	CABP7
NCBIGENE:164668	APOBEC3H
NCBIGENE:164781	DAW1
NCBIGENE:165055	CCDC138
NCBIGENE:165082	ADGRF3
NCBIGENE:165100	TEX44
NCBIGENE:165545	DQX1
NCBIGENE:165631	PARP15
NCBIGENE:165829	GPR156
NCBIGENE:165904	XIRP1
NCBIGENE:166012	CHST13
NCBIGENE:166378	SPATA5
NCBIGENE:166379	BBS12
NCBIGENE:166785	MMAA
NCBIGENE:166815	TIGD2
NCBIGENE:166863	RBM46
NCBIGENE:166929	r":"API rate limit exceeded
NCBIGENE:166979	CDC20B
NCBIGENE:167359	NIM1K
NCBIGENE:167555	FAM151B
NCBIGENE:167691	LCA5
NCBIGENE:168374	r":"API rate limit exceeded
NCBIGENE:168433	RNF133
NCBIGENE:168537	GIMAP7
NCBIGENE:168667	BMPER
NCBIGENE:168975	CNBD1
NCBIGENE:169026	SLC30A8
NCBIGENE:169436	STKLD1
NCBIGENE:169611	OLFML2A
NCBIGENE:169714	QSOX2
NCBIGENE:169792	GLIS3
NCBIGENE:169981	SPIN3
NCBIGENE:170302	ARX
NCBIGENE:170370	FAM170B
NCBIGENE:170371	r":"API rate limit exceeded
NCBIGENE:170384	FUT11
NCBIGENE:170394	PWWP2B
NCBIGENE:170463	SSBP4
NCBIGENE:170487	ACTL10
NCBIGENE:170506	r":"API rate limit exceeded
NCBIGENE:170575	GIMAP1
NCBIGENE:170589	GPHA2
NCBIGENE:170591	S100Z
NCBIGENE:170626	XAGE3
NCBIGENE:170627	r":"API rate limit exceeded
NCBIGENE:170685	NUDT10
NCBIGENE:170689	ADAMTS15
NCBIGENE:170692	ADAMTS18
NCBIGENE:170712	COX7B2
NCBIGENE:170850	KCNG3
NCBIGENE:170959	ZNF431
NCBIGENE:170960	ZNF721
NCBIGENE:171019	ADAMTS19
NCBIGENE:171023	ASXL1
NCBIGENE:171169	r":"API rate limit exceeded
NCBIGENE:171392	ZNF675
NCBIGENE:171483	FAM9B
NCBIGENE:171546	SPTSSA
NCBIGENE:171586	ABHD3
NCBIGENE:173	AFM
NCBIGENE:1741	DLG3
NCBIGENE:1755	DMBT1
NCBIGENE:1806	DPYD
NCBIGENE:1816	DRD5
NCBIGENE:182	JAG1
NCBIGENE:185	AGTR1
NCBIGENE:1857	DVL3
NCBIGENE:1871	E2F3
NCBIGENE:189	AGXT
NCBIGENE:1896	EDA
NCBIGENE:19	ABCA1
NCBIGENE:192134	B3GNT6
NCBIGENE:192666	KRT24
NCBIGENE:192683	SCAMP5
NCBIGENE:1958	EGR1
NCBIGENE:196051	PLPP4
NCBIGENE:196335	OR56B4
NCBIGENE:196403	DTX3
NCBIGENE:196472	FAM71C
NCBIGENE:196475	RMST
NCBIGENE:196483	r":"API rate limit exceeded
NCBIGENE:196500	PIANP
NCBIGENE:196513	DCP1B
NCBIGENE:196740	VSTM4
NCBIGENE:196993	CT62
NCBIGENE:196996	GRAMD2A
NCBIGENE:197	AHSG
NCBIGENE:197131	UBR1
NCBIGENE:197135	PATL2
NCBIGENE:197259	r":"API rate limit exceeded
NCBIGENE:197320	ZNF778
NCBIGENE:197322	ACSF3
NCBIGENE:197342	EME2
NCBIGENE:197358	NLRC3
NCBIGENE:197407	ZNF48
NCBIGENE:199692	ZNF627
NCBIGENE:199720	GGN
NCBIGENE:199745	THAP8
NCBIGENE:199777	ZNF626
NCBIGENE:199964	TMEM61
NCBIGENE:199974	CYP4Z1
NCBIGENE:20	ABCA2
NCBIGENE:200008	CDCP2
NCBIGENE:200132	DYNLT5
NCBIGENE:200159	C1orf100
NCBIGENE:200205	IBA57
NCBIGENE:200373	CFAP221
NCBIGENE:200403	VWA3B
NCBIGENE:200407	CREG2
NCBIGENE:200424	TET3
NCBIGENE:200504	GKN2
NCBIGENE:200634	KRTCAP3
NCBIGENE:2010	EMD
NCBIGENE:201140	DHRS7C
NCBIGENE:201164	PLD6
NCBIGENE:201176	r":"API rate limit exceeded
NCBIGENE:201229	LYRM9
NCBIGENE:201283	AMZ2P1
NCBIGENE:201294	UNC13D
NCBIGENE:201305	SPNS3
NCBIGENE:201456	FBXO15
NCBIGENE:201562	HACD2
NCBIGENE:201625	DNAH12
NCBIGENE:201626	PDE12
NCBIGENE:201725	r":"API rate limit exceeded
NCBIGENE:201798	TIGD4
NCBIGENE:201895	SMIM14
NCBIGENE:201931	TMEM192
NCBIGENE:202052	DNAJC18
NCBIGENE:202309	r":"API rate limit exceeded
NCBIGENE:202559	KHDRBS2
NCBIGENE:203	AK1
NCBIGENE:203068	TUBB
NCBIGENE:203069	r":"API rate limit exceeded
NCBIGENE:203102	ADAM32
NCBIGENE:203111	ERICH5
NCBIGENE:203228	C9orf72
NCBIGENE:203413	CT83
NCBIGENE:203522	INTS6L
NCBIGENE:2045	EPHA7
NCBIGENE:204851	HIPK1
NCBIGENE:2050	EPHB4
NCBIGENE:205717	USF3
NCBIGENE:207	AKT1
NCBIGENE:207063	DHRSX
NCBIGENE:208	AKT2
NCBIGENE:21	ABCA3
NCBIGENE:212	ALAS2
NCBIGENE:2138	EYA1
NCBIGENE:2177	FANCD2
NCBIGENE:2187	FANCB
NCBIGENE:219428	OR4C16
NCBIGENE:219431	OR4S2
NCBIGENE:219432	OR4C6
NCBIGENE:219453	OR8K5
NCBIGENE:219487	r":"API rate limit exceeded
NCBIGENE:219541	MED19
NCBIGENE:219623	TMEM26
NCBIGENE:219699	UNC5B
NCBIGENE:219736	r":"API rate limit exceeded
NCBIGENE:219738	FAM241B
NCBIGENE:219793	TBATA
NCBIGENE:219833	C11orf45
NCBIGENE:219844	HYLS1
NCBIGENE:219858	OR8B12
NCBIGENE:219865	OR8G5
NCBIGENE:219869	OR10G8
NCBIGENE:219874	OR6T1
NCBIGENE:219875	OR4D5
NCBIGENE:219902	r":"API rate limit exceeded
NCBIGENE:219931	TPCN2
NCBIGENE:219957	OR9Q2
NCBIGENE:220032	GDPD4
NCBIGENE:220064	r":"API rate limit exceeded
NCBIGENE:220081	ERICH6B
NCBIGENE:220107	DLEU7
NCBIGENE:220134	r":"API rate limit exceeded
NCBIGENE:220296	HEPACAM
NCBIGENE:220359	TIGD3
NCBIGENE:220869	CBWD5
NCBIGENE:220965	FAM13C
NCBIGENE:220979	r":"API rate limit exceeded
NCBIGENE:220988	HNRNPA3
NCBIGENE:221002	RASGEF1A
NCBIGENE:221044	UCMA
NCBIGENE:221061	FAM171A1
NCBIGENE:221074	SLC39A12
NCBIGENE:221091	LRRN4CL
NCBIGENE:221120	ALKBH3
NCBIGENE:221188	ADGRG5
NCBIGENE:221223	CES5A
NCBIGENE:221301	CALHM4
NCBIGENE:221322	TBC1D32
NCBIGENE:221391	OPN5
NCBIGENE:221395	ADGRF5
NCBIGENE:221400	TDRD6
NCBIGENE:221472	r":"API rate limit exceeded
NCBIGENE:221477	C6orf89
NCBIGENE:221481	ARMC12
NCBIGENE:221491	SMIM29
NCBIGENE:221527	ZBTB12
NCBIGENE:221613	H2AC1
NCBIGENE:221656	KDM1B
NCBIGENE:221710	SMIM13
NCBIGENE:221833	SP8
NCBIGENE:221927	BRAT1
NCBIGENE:221938	MMD2
NCBIGENE:221955	DAGLB
NCBIGENE:222	ALDH3B2
NCBIGENE:222008	VSTM2A
NCBIGENE:222183	SRRM3
NCBIGENE:222194	RSBN1L
NCBIGENE:222223	ELAPOR2
NCBIGENE:222235	FBXL13
NCBIGENE:222236	NAPEPLD
NCBIGENE:222255	ATXN7L1
NCBIGENE:222256	CDHR3
NCBIGENE:222546	RFX6
NCBIGENE:222584	FAM83B
NCBIGENE:222611	ADGRF2
NCBIGENE:222865	TMEM130
NCBIGENE:223075	ITPRID1
NCBIGENE:2232	FDXR
NCBIGENE:22803	XRN2
NCBIGENE:22809	ATF5
NCBIGENE:22820	COPG1
NCBIGENE:22836	RHOBTB3
NCBIGENE:22846	r":"API rate limit exceeded
NCBIGENE:22854	NTNG1
NCBIGENE:22856	CHSY1
NCBIGENE:2286	r":"API rate limit exceeded
NCBIGENE:22861	NLRP1
NCBIGENE:22863	ATG14
NCBIGENE:22865	SLITRK3
NCBIGENE:22872	SEC31A
NCBIGENE:22883	r":"API rate limit exceeded
NCBIGENE:22884	WDR37
NCBIGENE:22888	UBOX5
NCBIGENE:2289	FKBP5
NCBIGENE:22899	ARHGEF15
NCBIGENE:22905	EPN2
NCBIGENE:22908	SACM1L
NCBIGENE:22909	FAN1
NCBIGENE:22918	CD93
NCBIGENE:22920	KIFAP3
NCBIGENE:22948	CCT5
NCBIGENE:22950	SLC4A1AP
NCBIGENE:22954	TRIM32
NCBIGENE:22978	NT5C2
NCBIGENE:22979	EFR3B
NCBIGENE:22987	SV2C
NCBIGENE:2299	FOXI1
NCBIGENE:22990	r":"API rate limit exceeded
NCBIGENE:22995	CEP152
NCBIGENE:22997	IGSF9B
NCBIGENE:23	ABCF1
NCBIGENE:23007	r":"API rate limit exceeded
NCBIGENE:23011	RAB21
NCBIGENE:23014	FBXO21
NCBIGENE:23035	PHLPP2
NCBIGENE:23047	PDS5B
NCBIGENE:23062	GGA2
NCBIGENE:23067	SETD1B
NCBIGENE:23071	ERP44
NCBIGENE:23074	UHRF1BP1L
NCBIGENE:23078	VWA8
NCBIGENE:23080	r":"API rate limit exceeded
NCBIGENE:23090	ZNF423
NCBIGENE:23093	TTLL5
NCBIGENE:23111	SPART
NCBIGENE:23126	POGZ
NCBIGENE:23133	PHF8
NCBIGENE:23144	ZC3H3
NCBIGENE:23149	FCHO1
NCBIGENE:23160	WDR43
NCBIGENE:23166	r":"API rate limit exceeded
NCBIGENE:2317	FLNB
NCBIGENE:23178	PASK
NCBIGENE:23180	RFTN1
NCBIGENE:23184	MESD
NCBIGENE:23187	PHLDB1
NCBIGENE:23192	ATG4B
NCBIGENE:23196	FAM120A
NCBIGENE:23197	FAF2
NCBIGENE:23205	r":"API rate limit exceeded
NCBIGENE:23208	SYT11
NCBIGENE:23217	ZFR2
NCBIGENE:23219	FBXO28
NCBIGENE:23223	RRP12
NCBIGENE:23232	TBC1D12
NCBIGENE:23234	DNAJC9
NCBIGENE:23236	PLCB1
NCBIGENE:23239	PHLPP1
NCBIGENE:23244	r":"API rate limit exceeded
NCBIGENE:23246	BOP1
NCBIGENE:23248	RPRD2
NCBIGENE:23251	MINAR1
NCBIGENE:23258	DENND5A
NCBIGENE:23265	EXOC7
NCBIGENE:23271	CAMSAP2
NCBIGENE:2328	FMO3
NCBIGENE:23309	SIN3B
NCBIGENE:2332	FMR1
NCBIGENE:23322	RPGRIP1L
NCBIGENE:23339	VPS39
NCBIGENE:23345	SYNE1
NCBIGENE:23347	SMCHD1
NCBIGENE:23349	PHF24
NCBIGENE:23352	UBR4
NCBIGENE:23357	ANGEL1
NCBIGENE:23368	r":"API rate limit exceeded
NCBIGENE:23369	PUM2
NCBIGENE:23385	NCSTN
NCBIGENE:23400	ATP13A2
NCBIGENE:23411	SIRT1
NCBIGENE:23424	TDRD7
NCBIGENE:23430	r":"API rate limit exceeded
NCBIGENE:23433	RHOQ
NCBIGENE:23443	SLC35A3
NCBIGENE:23452	ANGPTL2
NCBIGENE:23460	ABCA6
NCBIGENE:23464	r":"API rate limit exceeded
NCBIGENE:23474	ETHE1
NCBIGENE:23481	PES1
NCBIGENE:23495	TNFRSF13B
NCBIGENE:23506	BICRAL
NCBIGENE:23509	POFUT1
NCBIGENE:23522	KAT6B
NCBIGENE:23530	NNT
NCBIGENE:23547	LILRA4
NCBIGENE:23549	DNPEP
NCBIGENE:23552	CDK20
NCBIGENE:23557	SNAPIN
NCBIGENE:23563	CHST5
NCBIGENE:23583	SMUG1
NCBIGENE:23588	r":"API rate limit exceeded
NCBIGENE:23594	ORC6
NCBIGENE:23597	ACOT9
NCBIGENE:23601	CLEC5A
NCBIGENE:23607	CD2AP
NCBIGENE:23619	ZIM2
NCBIGENE:23639	LRRC6
NCBIGENE:23645	PPP1R15A
NCBIGENE:23657	SLC7A11
NCBIGENE:23658	r":"API rate limit exceeded
NCBIGENE:23784	POTEH
NCBIGENE:23788	MTCH2
NCBIGENE:239	ALOX12
NCBIGENE:24	ABCA4
NCBIGENE:24144	TFIP11
NCBIGENE:242	ALOX12B
NCBIGENE:245908	DEFB105A
NCBIGENE:245913	DEFB110
NCBIGENE:245927	DEFB113
NCBIGENE:245928	DEFB114
NCBIGENE:245934	DEFB121
NCBIGENE:245972	r":"API rate limit exceeded
NCBIGENE:246184	CDC26
NCBIGENE:246721	POLR2J2
NCBIGENE:246777	SPESP1
NCBIGENE:247	ALOX15B
NCBIGENE:25	r":"API rate limit exceeded
NCBIGENE:252969	NEIL2
NCBIGENE:253012	HEPACAM2
NCBIGENE:253152	EPHX4
NCBIGENE:253430	IPMK
NCBIGENE:253461	ZBTB38
NCBIGENE:253558	LCLAT1
NCBIGENE:253639	ZNF620
NCBIGENE:253650	ANKRD18A
NCBIGENE:253782	CERS6
NCBIGENE:253827	MSRB3
NCBIGENE:253935	ANGPTL5
NCBIGENE:254050	LRRC43
NCBIGENE:254158	CXorf58
NCBIGENE:254228	r":"API rate limit exceeded
NCBIGENE:254827	NAALADL2
NCBIGENE:255043	TMEM86B
NCBIGENE:255231	MCOLN2
NCBIGENE:255252	LRRC57
NCBIGENE:255394	TCP11L2
NCBIGENE:255520	ELMOD2
NCBIGENE:255758	DYNLT2B
NCBIGENE:255762	PDZD9
NCBIGENE:255798	r":"API rate limit exceeded
NCBIGENE:256006	ANKRD31
NCBIGENE:256051	ZNF549
NCBIGENE:256076	COL6A5
NCBIGENE:256126	SYCE2
NCBIGENE:256144	OR4C3
NCBIGENE:256356	GK5
NCBIGENE:256471	MFSD8
NCBIGENE:256646	NUTM1
NCBIGENE:256815	C10orf67
NCBIGENE:256979	SUN3
NCBIGENE:257240	KLHL34
NCBIGENE:257407	C2orf72
NCBIGENE:257415	FAM133B
NCBIGENE:25777	SUN2
NCBIGENE:25788	RAD54B
NCBIGENE:25802	LMOD1
NCBIGENE:25805	BAMBI
NCBIGENE:25813	SAMM50
NCBIGENE:25816	TNFAIP8
NCBIGENE:25818	KLK5
NCBIGENE:25820	r":"API rate limit exceeded
NCBIGENE:25822	DNAJB5
NCBIGENE:25824	PRDX5
NCBIGENE:25827	FBXL2
NCBIGENE:25829	TMEM184B
NCBIGENE:25840	METTL7A
NCBIGENE:25843	MOB4
NCBIGENE:25850	ZNF345
NCBIGENE:25853	DCAF12
NCBIGENE:25855	r":"API rate limit exceeded
NCBIGENE:25864	ABHD14A
NCBIGENE:25885	POLR1A
NCBIGENE:25891	PAMR1
NCBIGENE:25895	EEF1AKMT3
NCBIGENE:25907	TMEM158
NCBIGENE:25913	POT1
NCBIGENE:25915	NDUFAF3
NCBIGENE:25917	THUMPD3
NCBIGENE:259173	ALS2CL
NCBIGENE:25923	ATL3
NCBIGENE:259236	TMIE
NCBIGENE:259240	WFDC9
NCBIGENE:259249	MRGPRX1
NCBIGENE:25928	r":"API rate limit exceeded
NCBIGENE:259282	r":"API rate limit exceeded
NCBIGENE:259283	MDS2
NCBIGENE:259287	TAS2R41
NCBIGENE:259294	TAS2R19
NCBIGENE:25930	PTPN23
NCBIGENE:259307	r":"API rate limit exceeded
NCBIGENE:25939	SAMHD1
NCBIGENE:25940	FAM98A
NCBIGENE:25960	ADGRA2
NCBIGENE:25970	SH2B1
NCBIGENE:25973	PARS2
NCBIGENE:25977	NECAP1
NCBIGENE:25978	CHMP2B
NCBIGENE:25979	DHRS7B
NCBIGENE:25981	DNAH1
NCBIGENE:25987	TSKU
NCBIGENE:25994	HIGD1A
NCBIGENE:26003	GORASP2
NCBIGENE:26015	RPAP1
NCBIGENE:26039	SS18L1
NCBIGENE:260425	r":"API rate limit exceeded
NCBIGENE:260436	FDCSP
NCBIGENE:26053	AUTS2
NCBIGENE:26085	KLK13
NCBIGENE:26088	GGA1
NCBIGENE:26091	HERC4
NCBIGENE:26095	PTPN20
NCBIGENE:26097	CHTOP
NCBIGENE:26098	r":"API rate limit exceeded
NCBIGENE:26100	r":"API rate limit exceeded
NCBIGENE:26108	PYGO1
NCBIGENE:26118	WSB1
NCBIGENE:26121	PRPF31
NCBIGENE:26133	TRPC4AP
NCBIGENE:26146	r":"API rate limit exceeded
NCBIGENE:26150	RIBC2
NCBIGENE:26152	ZNF337
NCBIGENE:26153	KIF26A
NCBIGENE:26154	ABCA12
NCBIGENE:26156	r":"API rate limit exceeded
NCBIGENE:26160	IFT172
NCBIGENE:26167	PCDHB5
NCBIGENE:261734	NPHP4
NCBIGENE:26211	OR2F1
NCBIGENE:26266	SLC13A4
NCBIGENE:26272	FBXO4
NCBIGENE:26292	MYCBP
NCBIGENE:26353	HSPB8
NCBIGENE:265	AMELX
NCBIGENE:266553	OFCC1
NCBIGENE:266629	SEC14L3
NCBIGENE:266727	MDGA1
NCBIGENE:266743	r":"API rate limit exceeded
NCBIGENE:266747	RGL4
NCBIGENE:267	AMFR
NCBIGENE:267002	PGBD2
NCBIGENE:267010	RNU12
NCBIGENE:267020	ATP5MGL
NCBIGENE:2683	B4GALT1
NCBIGENE:27	ABL2
NCBIGENE:2784	GNB3
NCBIGENE:279	AMY2A
NCBIGENE:28	ABO
NCBIGENE:282617	IFNL3
NCBIGENE:282618	IFNL1
NCBIGENE:282809	POC1B
NCBIGENE:282969	FUOM
NCBIGENE:282991	BLOC1S2
NCBIGENE:283008	NUTM2E
NCBIGENE:283092	r":"API rate limit exceeded
NCBIGENE:283106	CSNK2A3
NCBIGENE:283116	TRIM49B
NCBIGENE:283120	H19
NCBIGENE:283149	BCL9L
NCBIGENE:283150	FOXR1
NCBIGENE:283171	LINC02873
NCBIGENE:283219	KCTD21
NCBIGENE:283232	TMEM80
NCBIGENE:283254	r":"API rate limit exceeded
NCBIGENE:283310	OTOGL
NCBIGENE:283373	ANKRD52
NCBIGENE:283377	SPRYD4
NCBIGENE:283464	GXYLT1
NCBIGENE:283578	TMED8
NCBIGENE:283629	TSSK4
NCBIGENE:283742	FAM98B
NCBIGENE:283848	CES4A
NCBIGENE:283849	EXOC3L1
NCBIGENE:283897	C16orf54
NCBIGENE:283933	ZNF843
NCBIGENE:283951	C16orf91
NCBIGENE:283987	HID1
NCBIGENE:283989	TSEN54
NCBIGENE:283991	UBALD2
NCBIGENE:2840	GPR17
NCBIGENE:284001	CCDC57
NCBIGENE:284013	VMO1
NCBIGENE:284018	C17orf58
NCBIGENE:284040	CDRT4
NCBIGENE:284058	KANSL1
NCBIGENE:284067	r":"API rate limit exceeded
NCBIGENE:284069	FAM171A2
NCBIGENE:284083	C17orf47
NCBIGENE:284106	CISD3
NCBIGENE:284129	SLC26A11
NCBIGENE:284161	GDPD1
NCBIGENE:284194	LGALS9B
NCBIGENE:284207	METRNL
NCBIGENE:284217	LAMA1
NCBIGENE:284266	SIGLEC15
NCBIGENE:284273	ZADH2
NCBIGENE:284274	SMIM21
NCBIGENE:284312	ZSCAN1
NCBIGENE:284352	PPP1R37
NCBIGENE:284366	KLK9
NCBIGENE:284369	SIGLECL1
NCBIGENE:284371	ZNF841
NCBIGENE:284403	WDR62
NCBIGENE:284422	SMIM24
NCBIGENE:284467	TAFA3
NCBIGENE:284498	C1orf167
NCBIGENE:284521	OR2L13
NCBIGENE:284611	r":"API rate limit exceeded
NCBIGENE:284613	CYB561D1
NCBIGENE:284656	EPHA10
NCBIGENE:284695	ZNF326
NCBIGENE:284723	SLC25A34
NCBIGENE:284739	C20orf204
NCBIGENE:284756	C20orf197
NCBIGENE:284904	SEC14L4
NCBIGENE:284948	SH2D6
NCBIGENE:284992	CCDC150
NCBIGENE:285025	r":"API rate limit exceeded
NCBIGENE:285051	STPG4
NCBIGENE:285093	RTP5
NCBIGENE:285141	ERICH2
NCBIGENE:285148	IAH1
NCBIGENE:285193	DUSP28
NCBIGENE:285195	SLC9A9
NCBIGENE:285220	EPHA6
NCBIGENE:285237	C3orf38
NCBIGENE:285267	ZNF619
NCBIGENE:285268	ZNF621
NCBIGENE:285313	IGSF10
NCBIGENE:285315	C3orf33
NCBIGENE:285335	r":"API rate limit exceeded
NCBIGENE:285349	ZNF660
NCBIGENE:285381	DPH3
NCBIGENE:285382	C3orf70
NCBIGENE:285440	r":"API rate limit exceeded
NCBIGENE:285464	CRIPAK
NCBIGENE:285489	DOK7
NCBIGENE:285498	RNF212
NCBIGENE:285527	FRYL
NCBIGENE:285556	r":"API rate limit exceeded
NCBIGENE:285588	EFCAB9
NCBIGENE:285598	ARL10
NCBIGENE:285601	GPR150
NCBIGENE:285605	DTWD2
NCBIGENE:285668	r":"API rate limit exceeded
NCBIGENE:285672	SREK1IP1
NCBIGENE:285704	RGMB
NCBIGENE:285800	PRR18
NCBIGENE:285855	RPL7L1
NCBIGENE:285971	r":"API rate limit exceeded
NCBIGENE:286053	NSMCE2
NCBIGENE:286204	r":"API rate limit exceeded
NCBIGENE:286223	C9orf47
NCBIGENE:286336	FAM78A
NCBIGENE:286343	LURAP1L
NCBIGENE:286436	H2BW2
NCBIGENE:286451	r":"API rate limit exceeded
NCBIGENE:286514	MAGEB18
NCBIGENE:286530	P2RY8
NCBIGENE:286826	LIN9
NCBIGENE:2894	r":"API rate limit exceeded
NCBIGENE:29	ABR
NCBIGENE:3030	HADHA
NCBIGENE:306	ANXA3
NCBIGENE:307	ANXA4
NCBIGENE:308	ANXA5
NCBIGENE:3099	HK2
NCBIGENE:310	ANXA7
NCBIGENE:3110	MNX1
NCBIGENE:3136	HLA-H
NCBIGENE:3176	HNMT
NCBIGENE:317703	VN1R4
NCBIGENE:317705	VN1R5
NCBIGENE:317749	DHRS4L2
NCBIGENE:317762	CCDC85C
NCBIGENE:317772	H2AC21
NCBIGENE:317781	DDX51
NCBIGENE:319100	TAAR6
NCBIGENE:32	r":"API rate limit exceeded
NCBIGENE:326340	ZAR1
NCBIGENE:326624	RAB37
NCBIGENE:326625	MMAB
NCBIGENE:3267	AGFG1
NCBIGENE:327657	SERPINA9
NCBIGENE:3290	HSD11B1
NCBIGENE:3306	HSPA2
NCBIGENE:332	BIRC5
NCBIGENE:333926	PPM1J
NCBIGENE:3347	HTN3
NCBIGENE:337880	KRTAP11-1
NCBIGENE:337959	KRTAP13-2
NCBIGENE:337967	KRTAP6-2
NCBIGENE:337969	KRTAP19-2
NCBIGENE:337970	KRTAP19-3
NCBIGENE:337972	KRTAP19-5
NCBIGENE:337973	KRTAP19-6
NCBIGENE:337978	r":"API rate limit exceeded
NCBIGENE:337979	KRTAP22-1
NCBIGENE:337985	KRTAP20-3
NCBIGENE:338	APOB
NCBIGENE:3385	ICAM3
NCBIGENE:338596	ST8SIA6
NCBIGENE:338661	TMEM225
NCBIGENE:338879	RNASE10
NCBIGENE:339	APOBEC1
NCBIGENE:339105	PRSS53
NCBIGENE:339123	JMJD8
NCBIGENE:339184	CCDC144NL
NCBIGENE:339210	C17orf67
NCBIGENE:339229	OXLD1
NCBIGENE:339263	LINC02693
NCBIGENE:339318	ZNF181
NCBIGENE:339345	NANOS2
NCBIGENE:339390	CLEC4G
NCBIGENE:339448	C1orf174
NCBIGENE:339451	KLHL17
NCBIGENE:339669	TEX33
NCBIGENE:339779	PRR30
NCBIGENE:339804	C2orf74
NCBIGENE:339906	PRSS42P
NCBIGENE:339976	TRIML1
NCBIGENE:340069	FAM170A
NCBIGENE:340120	ANKRD34B
NCBIGENE:340152	ZC3H12D
NCBIGENE:340156	MYLK4
NCBIGENE:340204	CLPSL1
NCBIGENE:340267	COL28A1
NCBIGENE:340273	ABCB5
NCBIGENE:340307	CTAGE6
NCBIGENE:340348	TSPAN33
NCBIGENE:340371	NRBP2
NCBIGENE:340393	TMEM249
NCBIGENE:340485	ACER2
NCBIGENE:340527	NHSL2
NCBIGENE:340542	BEX5
NCBIGENE:340554	ZC3H12B
NCBIGENE:340578	DCAF12L2
NCBIGENE:340596	LHFPL1
NCBIGENE:340654	LIPM
NCBIGENE:340719	NANOS1
NCBIGENE:340745	r":"API rate limit exceeded
NCBIGENE:340784	HMX3
NCBIGENE:341116	MS4A10
NCBIGENE:341152	OR2AT4
NCBIGENE:341276	OR10A2
NCBIGENE:341359	SYT10
NCBIGENE:341405	ANKRD33
NCBIGENE:341416	OR6C2
NCBIGENE:341640	FREM2
NCBIGENE:341799	r":"API rate limit exceeded
NCBIGENE:341880	SLC35F4
NCBIGENE:342035	GLDN
NCBIGENE:342096	GOLGA6A
NCBIGENE:342372	PKD1L3
NCBIGENE:342909	ZNF284
NCBIGENE:342945	ZSCAN22
NCBIGENE:342979	PALM3
NCBIGENE:343099	CCDC18
NCBIGENE:343171	r":"API rate limit exceeded
NCBIGENE:343263	MYBPHL
NCBIGENE:343472	BARHL2
NCBIGENE:343563	OR2T29
NCBIGENE:343578	ARHGAP40
NCBIGENE:343930	MSGN1
NCBIGENE:343990	CRACDL
NCBIGENE:344	APOC2
NCBIGENE:344167	FOXI3
NCBIGENE:344657	r":"API rate limit exceeded
NCBIGENE:344658	SAMD7
NCBIGENE:344838	PAQR9
NCBIGENE:344901	OSTN
NCBIGENE:345274	SLC10A6
NCBIGENE:345651	r":"API rate limit exceeded
NCBIGENE:345930	ECT2L
NCBIGENE:346171	ZFP57
NCBIGENE:346288	SEPTIN14
NCBIGENE:346389	MACC1
NCBIGENE:346525	OR2A12
NCBIGENE:346606	MOGAT3
NCBIGENE:346653	FAM71F2
NCBIGENE:346673	STRA8
NCBIGENE:347240	KIF24
NCBIGENE:347252	IGFBPL1
NCBIGENE:347344	r":"API rate limit exceeded
NCBIGENE:347411	MPC1L
NCBIGENE:347454	SOWAHD
NCBIGENE:347902	AMIGO2
NCBIGENE:348158	r":"API rate limit exceeded
NCBIGENE:348180	CTU2
NCBIGENE:348807	CFAP100
NCBIGENE:348932	SLC6A18
NCBIGENE:348980	HCN1
NCBIGENE:349667	RTN4RL2
NCBIGENE:35	ACADS
NCBIGENE:352954	CASTOR3
NCBIGENE:353088	ZNF429
NCBIGENE:353133	r":"API rate limit exceeded
NCBIGENE:353141	LCE2D
NCBIGENE:353142	LCE3A
NCBIGENE:353149	TBC1D26
NCBIGENE:353174	ZACN
NCBIGENE:353189	r":"API rate limit exceeded
NCBIGENE:353288	KRT26
NCBIGENE:353299	RGSL1
NCBIGENE:353515	XKRY2
NCBIGENE:3579	CXCR2
NCBIGENE:3587	r":"API rate limit exceeded
NCBIGENE:359	AQP2
NCBIGENE:359845	RFLNB
NCBIGENE:359948	IRF2BP2
NCBIGENE:36	ACADSB
NCBIGENE:360023	r":"API rate limit exceeded
NCBIGENE:360030	NANOGNB
NCBIGENE:360203	GLT6D1
NCBIGENE:360205	PRAC2
NCBIGENE:361	AQP4
NCBIGENE:362	AQP5
NCBIGENE:3643	INSR
NCBIGENE:3658	r":"API rate limit exceeded
NCBIGENE:367	AR
NCBIGENE:3672	ITGA1
NCBIGENE:368	ABCC6
NCBIGENE:3681	ITGAD
NCBIGENE:37	r":"API rate limit exceeded
NCBIGENE:3702	ITK
NCBIGENE:3710	ITPR3
NCBIGENE:372	ARCN1
NCBIGENE:3732	CD82
NCBIGENE:3737	KCNA2
NCBIGENE:373863	DND1
NCBIGENE:3743	KCNA7
NCBIGENE:374786	EFCAB5
NCBIGENE:374860	r":"API rate limit exceeded
NCBIGENE:374882	TMEM205
NCBIGENE:374887	YJEFN3
NCBIGENE:374900	ZNF568
NCBIGENE:374918	r":"API rate limit exceeded
NCBIGENE:374928	ZNF773
NCBIGENE:374946	DRAXIN
NCBIGENE:375033	PEAR1